Step    Time(ps)    SystemEnergy(eV)    KineticEnergy(eV)    PotentialEnergy(eV)    Temperature(K)
0         0.000     -25.820059558337     13.401676466748     -39.221736025085     120.000039726877
2         0.020     -24.007613680831     14.972212842598     -38.979826523429     134.062789858330
4         0.040     -22.170989327852     16.127474685079     -38.298464012931     144.407127548967
6         0.060     -20.474265515208     17.208841348247     -37.683106863455     154.089799926671
8         0.080     -19.756729253046     17.669272116855     -37.426001369901     158.212546111562
10        0.100     -18.500074927862     18.085241200837     -36.585316128699     161.937177632615
12        0.120     -17.681780529289     18.810074420130     -36.491854949418     168.427411546728
14        0.140     -17.772867951881     18.953579064826     -36.726447016707     169.712367433199
16        0.160     -17.056063083779     20.056817172654     -37.112880256433     179.590879057926
18        0.180     -16.282642019979     20.116854893271     -36.399496913250     180.128463208460
20        0.200     -16.065736821886     19.904262753843     -35.969999575729     178.224890529302
22        0.220     -15.552889153805     21.132720959159     -36.685610112964     189.224636255637
24        0.240     -15.375768172911     20.738233649188     -36.114001822099     185.692354829072
26        0.260     -14.919121277037     20.183496593641     -35.102617870679     180.725180097708
28        0.280     -14.277556094627     20.533822081682     -34.811378176309     183.862031862968
30        0.300     -14.048523268150     21.093929613914     -35.142452882065     188.877294415082
32        0.320     -14.052629505797     20.813251335958     -34.865880841755     186.364071193435
34        0.340     -14.095643375839     21.637483192618     -35.733126568457     193.744331102616
36        0.360     -13.355265221865     21.906485123833     -35.261750345698     196.153003070822
38        0.380     -12.862286096616     21.455041723454     -34.317327820071     192.110730739126
40        0.400     -12.718565377611     21.790593133989     -34.509158511600     195.115293839453
42        0.420     -12.404832773668     22.291531752391     -34.696364526059     199.600751629613
44        0.440     -12.697888206396     22.039960128102     -34.737848334498     197.348152487730
46        0.460     -12.842860358153     21.302526919729     -34.145387277882     190.745096928206
48        0.480     -13.224152018691     21.636375866167     -34.860527884858     193.734415983528
50        0.500     -12.386586071204     22.459664040920     -34.846250112124     201.106226064322
52        0.520     -12.164079579271     22.664247906389     -34.828327485660     202.938091804750
54        0.540     -12.122149838442     22.971444303090     -35.093594141532     205.688761088515
56        0.560     -11.786793533036     22.644684754433     -34.431478287469     202.762921256663
58        0.580     -11.338904496694     23.037246187972     -34.376150684666     206.277958180354
60        0.600     -11.715048052410     22.464227169851     -34.179275222261     201.147084807204
62        0.620     -11.562428532918     22.702045973723     -34.264474506641     203.276539729001
64        0.640     -12.175520202724     21.997115937572     -34.172636140296     196.964521038453
66        0.660     -12.599542295265     21.975229578027     -34.574771873291     196.768548241961
68        0.680     -12.186275534198     22.420651246369     -34.606926780567     200.756901343069
70        0.700     -11.618482539541     22.976965683270     -34.595448222812     205.738200115241
72        0.720     -11.998645881366     22.511166287788     -34.509812169154     201.567382673007
74        0.740     -11.891140760604     22.468838150531     -34.359978911135     201.188372019754
76        0.760     -11.992855557274     22.649853857396     -34.642709414670     202.809205955630
78        0.780     -12.407147549641     21.638040209713     -34.045187759354     193.749318693066
80        0.800     -12.256058872490     22.098410025226     -34.354468897716     197.871519097442
82        0.820     -12.459033957524     21.541385977648     -34.000419935172     192.883866395631
84        0.840     -11.826377351667     22.348912049963     -34.175289401630     200.114540930924
86        0.860     -12.089497255315     22.554355063083     -34.643852318398     201.954099571004
88        0.880     -12.237566365759     22.533958624474     -34.771524990233     201.771467685400
90        0.900     -11.964688162720     22.303216172291     -34.267904335011     199.705375170982
92        0.920     -11.931918068261     22.356282792039     -34.288200860300     200.180539341202
94        0.940     -12.188225345618     22.237851690951     -34.426077036569     199.120094637088
96        0.960     -11.804860833179     22.391008668578     -34.195869501757     200.491478541581
98        0.980     -11.967162658654     22.829113165769     -34.796275824424     204.414312912183
100       1.000     -12.186303528853     22.440779751524     -34.627083280377     200.937134123967
102       1.020     -12.101327210524     22.495149977234     -34.596477187757     201.423970920938
104       1.040     -12.070788883624     22.494203065623     -34.564991949246     201.415492173434
106       1.060     -12.451234348744     22.327728963772     -34.778963312517     199.924865319016
108       1.080     -12.312936080048     21.589479712971     -33.902415793019     193.314502828598
110       1.100     -11.862768294372     22.284356645087     -34.147124939458     199.536504953934
112       1.120     -11.339716119663     22.972172411389     -34.311888531052     205.695280647843
114       1.140     -11.329408919245     22.871156011208     -34.200564930452     204.790769032085
116       1.160     -11.536925758441     22.655014563611     -34.191940322053     202.855415469226
118       1.180     -11.520951541116     22.550618034108     -34.071569575225     201.920637815191
120       1.200     -11.065603676147     23.068465316076     -34.134068992223     206.557497581415
122       1.220     -11.539243264450     22.857253801578     -34.396497066028     204.666287165059
124       1.240     -12.043167925649     22.916868410216     -34.960036335865     205.200082725827
126       1.260     -11.999777089014     22.000308879834     -34.000085968848     196.993110983843
128       1.280     -12.465485893668     21.812873229273     -34.278359122941     195.314792187730
130       1.300     -12.774404349273     22.076505048992     -34.850909398265     197.675379605135
132       1.320     -12.763156603490     21.871777173866     -34.634933777356     195.842224386889
134       1.340     -12.308692320179     21.804077076792     -34.112769396971     195.236030500725
136       1.360     -12.203593530820     22.171058835085     -34.374652365905     198.522024285424
138       1.380     -12.349344303974     22.302209835421     -34.651554139395     199.696364323366
140       1.400     -12.584179382587     21.703490909264     -34.287670291851     194.335371234010
142       1.420     -12.901115131119     21.684737555960     -34.585852687080     194.167451709387
144       1.440     -13.082044765603     21.884120843479     -34.966165609081     195.952750920454
146       1.460     -12.500763999588     22.177225641867     -34.677989641455     198.577242530737
148       1.480     -12.198487789496     22.329973263653     -34.528461053149     199.944961019393
150       1.500     -11.927967245879     22.359331442692     -34.287298688571     200.207837284143
152       1.520     -11.759465016540     22.537147279925     -34.296612296465     201.800019246226
154       1.540     -11.729144882698     22.892626188888     -34.621771071586     204.983015291798
156       1.560     -11.883667982855     23.004516533434     -34.888184516289     205.984893364579
158       1.580     -11.601127228622     22.941508374282     -34.542635602905     205.420711590748
160       1.600     -11.493730364532     22.892434591849     -34.386164956381     204.981299711479
162       1.620     -11.121072921580     22.978016172894     -34.099089094473     205.747606311314
164       1.640     -11.403633551297     23.007183005958     -34.410816557256     206.008769243813
166       1.660     -11.735421989738     22.970163616419     -34.705585606157     205.677293683541
168       1.680     -11.792258103797     22.469940384946     -34.262198488743     201.198241544205
170       1.700     -11.583352355097     22.708054132300     -34.291406487397     203.330337421383
172       1.720     -11.421472605592     23.267133293641     -34.688605899233     208.336391830902
174       1.740     -11.347355267474     23.023043262434     -34.370398529908     206.150783671032
176       1.760     -10.905014951843     23.236105581736     -34.141120533578     208.058566390893
178       1.780     -10.503211429047     23.424298898340     -33.927510327388     209.743669409531
180       1.800     -10.794535181666     23.007631693009     -33.802166874675     206.012786835493
182       1.820     -11.747259795855     22.750394472355     -34.497654268210     203.709457339796
184       1.840     -11.798925554984     22.518048750261     -34.316974305244     201.629008975674
186       1.860     -11.466653441592     22.911247536317     -34.377900977909     205.149752821747
188       1.880     -11.241676202298     23.233273590736     -34.474949793034     208.033208441587
190       1.900     -11.905183789116     22.843975629610     -34.749159418725     204.547392997777
192       1.920     -11.452172596737     22.469825190235     -33.921997786971     201.197210078479
194       1.940     -11.698681368734     22.646260148203     -34.344941516938     202.777027500427
196       1.960     -11.932085072873     22.405334388051     -34.337419460924     200.619752560886
198       1.980     -12.380804612579     22.182847819322     -34.563652431901     198.627584107006
200       2.000     -12.116364255718     22.824486991218     -34.940851246936     204.372889652091
